<?xml version="1.0" encoding="UTF-8"?>
<!-- Generated by org.testng.reporters.JUnitReportReporter -->
<testsuite hostname="DESKTOP-MDQHQAV" name="addPlaceDeletePlacePost" tests="1" failures="0" timestamp="4 May 2019 19:38:13 GMT" time="2.570" errors="0">
  <testcase name="addDeletePlaceMethod" time="2.570" classname="addPlaceDeletePlacePost"/>
</testsuite> <!-- addPlaceDeletePlacePost -->
