<?xml version="1.0" encoding="UTF-8"?>
<!-- Generated by org.testng.reporters.JUnitReportReporter -->
<testsuite hostname="DESKTOP-MDQHQAV" name="BasicPost" tests="1" failures="0" timestamp="4 May 2019 18:22:04 GMT" time="2.264" errors="0">
  <testcase name="postReqData" time="2.264" classname="BasicPost"/>
</testsuite> <!-- BasicPost -->
