<?xml version="1.0" encoding="UTF-8"?>
<!-- Generated by org.testng.reporters.JUnitReportReporter -->
<testsuite hostname="DESKTOP-MDQHQAV" name="BasicPost2xmlresrc" tests="1" failures="0" timestamp="4 May 2019 20:17:23 GMT" time="2.250" errors="0">
  <testcase name="postReqData" time="2.250" classname="BasicPost2xmlresrc"/>
</testsuite> <!-- BasicPost2xmlresrc -->
